<?xml version="1.0" encoding="UTF-8"?>
<coverage generated="1723543058939" clover="3.2.0">
  <project timestamp="1723543058939" name="All files">
    <metrics statements="203" coveredstatements="162" conditionals="52" coveredconditionals="36" methods="69" coveredmethods="46" elements="324" coveredelements="244" complexity="0" loc="203" ncloc="203" packages="3" files="6" classes="6"/>
    <package name="src">
      <metrics statements="159" coveredstatements="118" conditionals="38" coveredconditionals="22" methods="55" coveredmethods="32"/>
      <file name="AsyncQueueTaskEventsManager.ts" path="E:\Projects\Bazlama\Bazlama.Web.AsyncQueue\package\src\AsyncQueueTaskEventsManager.ts">
        <metrics statements="22" coveredstatements="16" conditionals="2" coveredconditionals="1" methods="8" coveredmethods="4"/>
        <line num="2" count="2" type="stmt"/>
        <line num="6" count="2" type="stmt"/>
        <line num="7" count="8" type="stmt"/>
        <line num="8" count="8" type="stmt"/>
        <line num="10" count="0" type="stmt"/>
        <line num="13" count="8" type="stmt"/>
        <line num="17" count="8" type="stmt"/>
        <line num="21" count="1" type="stmt"/>
        <line num="22" count="1" type="cond" truecount="1" falsecount="0"/>
        <line num="23" count="1" type="stmt"/>
        <line num="26" count="1" type="stmt"/>
        <line num="31" count="1" type="stmt"/>
        <line num="35" count="0" type="stmt"/>
        <line num="36" count="0" type="stmt"/>
        <line num="37" count="0" type="cond" truecount="0" falsecount="1"/>
        <line num="38" count="0" type="stmt"/>
        <line num="44" count="27" type="stmt"/>
        <line num="45" count="3" type="stmt"/>
        <line num="49" count="27" type="stmt"/>
        <line num="52" count="27" type="stmt"/>
        <line num="53" count="0" type="stmt"/>
        <line num="57" count="27" type="stmt"/>
      </file>
      <file name="BazlamaAsyncQueue.ts" path="E:\Projects\Bazlama\Bazlama.Web.AsyncQueue\package\src\BazlamaAsyncQueue.ts">
        <metrics statements="135" coveredstatements="100" conditionals="30" coveredconditionals="18" methods="46" coveredmethods="27"/>
        <line num="1" count="2" type="stmt"/>
        <line num="6" count="2" type="stmt"/>
        <line num="29" count="2" type="stmt"/>
        <line num="31" count="8" type="stmt"/>
        <line num="32" count="8" type="stmt"/>
        <line num="33" count="8" type="stmt"/>
        <line num="34" count="8" type="stmt"/>
        <line num="36" count="8" type="stmt"/>
        <line num="38" count="8" type="stmt"/>
        <line num="55" count="8" type="stmt"/>
        <line num="57" count="8" type="stmt"/>
        <line num="60" count="0" type="stmt"/>
        <line num="63" count="8" type="stmt"/>
        <line num="65" count="8" type="stmt"/>
        <line num="68" count="0" type="stmt"/>
        <line num="71" count="8" type="stmt"/>
        <line num="73" count="28" type="stmt"/>
        <line num="78" count="8" type="stmt"/>
        <line num="79" count="8" type="stmt"/>
        <line num="83" count="8" type="stmt"/>
        <line num="85" count="0" type="stmt"/>
        <line num="88" count="8" type="stmt"/>
        <line num="89" count="8" type="stmt"/>
        <line num="90" count="0" type="stmt"/>
        <line num="94" count="8" type="stmt"/>
        <line num="96" count="0" type="stmt"/>
        <line num="99" count="8" type="stmt"/>
        <line num="100" count="8" type="stmt"/>
        <line num="101" count="0" type="stmt"/>
        <line num="106" count="8" type="stmt"/>
        <line num="107" count="8" type="stmt"/>
        <line num="108" count="8" type="stmt"/>
        <line num="112" count="5" type="stmt"/>
        <line num="113" count="5" type="stmt"/>
        <line num="115" count="5" type="stmt"/>
        <line num="117" count="5" type="stmt"/>
        <line num="118" count="5" type="stmt"/>
        <line num="122" count="8" type="stmt"/>
        <line num="123" count="8" type="stmt"/>
        <line num="125" count="8" type="stmt"/>
        <line num="127" count="8" type="stmt"/>
        <line num="128" count="8" type="stmt"/>
        <line num="132" count="1" type="stmt"/>
        <line num="133" count="1" type="stmt"/>
        <line num="134" count="1" type="stmt"/>
        <line num="136" count="1" type="stmt"/>
        <line num="138" count="1" type="stmt"/>
        <line num="139" count="1" type="stmt"/>
        <line num="144" count="0" type="stmt"/>
        <line num="145" count="0" type="stmt"/>
        <line num="147" count="0" type="stmt"/>
        <line num="149" count="0" type="stmt"/>
        <line num="150" count="0" type="stmt"/>
        <line num="155" count="2" type="stmt"/>
        <line num="156" count="2" type="stmt"/>
        <line num="158" count="2" type="stmt"/>
        <line num="160" count="2" type="stmt"/>
        <line num="161" count="2" type="stmt"/>
        <line num="166" count="3" type="stmt"/>
        <line num="170" count="16" type="cond" truecount="1" falsecount="0"/>
        <line num="174" count="8" type="stmt"/>
        <line num="177" count="16" type="cond" truecount="1" falsecount="0"/>
        <line num="181" count="8" type="stmt"/>
        <line num="184" count="16" type="cond" truecount="0" falsecount="1"/>
        <line num="185" count="0" type="stmt"/>
        <line num="193" count="16" type="cond" truecount="0" falsecount="1"/>
        <line num="194" count="16" type="cond" truecount="1" falsecount="0"/>
        <line num="195" count="16" type="stmt"/>
        <line num="197" count="16" type="cond" truecount="1" falsecount="0"/>
        <line num="198" count="16" type="stmt"/>
        <line num="200" count="16" type="stmt"/>
        <line num="201" count="16" type="stmt"/>
        <line num="202" count="16" type="stmt"/>
        <line num="206" count="16" type="cond" truecount="1" falsecount="0"/>
        <line num="207" count="8" type="stmt"/>
        <line num="217" count="8" type="cond" truecount="0" falsecount="1"/>
        <line num="219" count="8" type="cond" truecount="1" falsecount="0"/>
        <line num="220" count="4" type="stmt"/>
        <line num="222" count="8" type="cond" truecount="2" falsecount="0"/>
        <line num="223" count="8" type="stmt"/>
        <line num="224" count="8" type="cond" truecount="1" falsecount="0"/>
        <line num="225" count="8" type="stmt"/>
        <line num="230" count="0" type="stmt"/>
        <line num="231" count="0" type="stmt"/>
        <line num="236" count="0" type="stmt"/>
        <line num="241" count="0" type="stmt"/>
        <line num="242" count="0" type="stmt"/>
        <line num="246" count="0" type="stmt"/>
        <line num="247" count="0" type="stmt"/>
        <line num="252" count="0" type="stmt"/>
        <line num="256" count="0" type="stmt"/>
        <line num="260" count="0" type="stmt"/>
        <line num="261" count="0" type="cond" truecount="0" falsecount="1"/>
        <line num="262" count="0" type="stmt"/>
        <line num="267" count="0" type="stmt"/>
        <line num="268" count="0" type="cond" truecount="0" falsecount="1"/>
        <line num="269" count="0" type="stmt"/>
        <line num="274" count="1" type="stmt"/>
        <line num="275" count="0" type="stmt"/>
        <line num="281" count="0" type="stmt"/>
        <line num="288" count="8" type="stmt"/>
        <line num="301" count="8" type="stmt"/>
        <line num="302" count="2" type="stmt"/>
        <line num="305" count="8" type="stmt"/>
        <line num="306" count="3" type="stmt"/>
        <line num="309" count="8" type="stmt"/>
        <line num="310" count="8" type="stmt"/>
        <line num="314" count="0" type="stmt"/>
        <line num="315" count="0" type="cond" truecount="0" falsecount="1"/>
        <line num="316" count="0" type="stmt"/>
        <line num="321" count="16" type="stmt"/>
        <line num="322" count="16" type="cond" truecount="1" falsecount="0"/>
        <line num="323" count="8" type="stmt"/>
        <line num="328" count="0" type="stmt"/>
        <line num="332" count="16" type="cond" truecount="1" falsecount="0"/>
        <line num="333" count="8" type="stmt"/>
        <line num="334" count="8" type="stmt"/>
        <line num="337" count="8" type="stmt"/>
        <line num="338" count="8" type="cond" truecount="1" falsecount="0"/>
        <line num="339" count="8" type="stmt"/>
        <line num="342" count="8" type="stmt"/>
        <line num="343" count="8" type="stmt"/>
        <line num="345" count="8" type="stmt"/>
        <line num="347" count="5" type="stmt"/>
        <line num="348" count="5" type="stmt"/>
        <line num="351" count="3" type="cond" truecount="1" falsecount="0"/>
        <line num="352" count="2" type="cond" truecount="1" falsecount="0"/>
        <line num="353" count="2" type="stmt"/>
        <line num="354" count="2" type="stmt"/>
        <line num="356" count="0" type="stmt"/>
        <line num="357" count="0" type="stmt"/>
        <line num="359" count="1" type="stmt"/>
        <line num="363" count="8" type="stmt"/>
        <line num="366" count="8" type="stmt"/>
        <line num="367" count="8" type="stmt"/>
      </file>
      <file name="CreateId.ts" path="E:\Projects\Bazlama\Bazlama.Web.AsyncQueue\package\src\CreateId.ts">
        <metrics statements="2" coveredstatements="2" conditionals="6" coveredconditionals="3" methods="1" coveredmethods="1"/>
        <line num="1" count="2" type="cond" truecount="1" falsecount="1"/>
        <line num="2" count="9" type="cond" truecount="2" falsecount="2"/>
      </file>
    </package>
    <package name="src.mocks">
      <metrics statements="29" coveredstatements="29" conditionals="13" coveredconditionals="13" methods="6" coveredmethods="6"/>
      <file name="data.ts" path="E:\Projects\Bazlama\Bazlama.Web.AsyncQueue\package\src\mocks\data.ts">
        <metrics statements="1" coveredstatements="1" conditionals="0" coveredconditionals="0" methods="0" coveredmethods="0"/>
        <line num="1" count="2" type="stmt"/>
      </file>
      <file name="endpoints.ts" path="E:\Projects\Bazlama\Bazlama.Web.AsyncQueue\package\src\mocks\endpoints.ts">
        <metrics statements="28" coveredstatements="28" conditionals="13" coveredconditionals="13" methods="6" coveredmethods="6"/>
        <line num="1" count="2" type="stmt"/>
        <line num="2" count="2" type="stmt"/>
        <line num="4" count="2" type="stmt"/>
        <line num="13" count="9" type="stmt"/>
        <line num="14" count="2" type="stmt"/>
        <line num="15" count="8" type="stmt"/>
        <line num="17" count="8" type="cond" truecount="2" falsecount="0"/>
        <line num="18" count="8" type="cond" truecount="2" falsecount="0"/>
        <line num="19" count="8" type="stmt"/>
        <line num="20" count="8" type="stmt"/>
        <line num="22" count="8" type="cond" truecount="1" falsecount="0"/>
        <line num="23" count="5" type="stmt"/>
        <line num="26" count="8" type="cond" truecount="1" falsecount="0"/>
        <line num="27" count="2" type="stmt"/>
        <line num="35" count="6" type="stmt"/>
        <line num="43" count="2" type="cond" truecount="3" falsecount="0"/>
        <line num="44" count="8" type="stmt"/>
        <line num="46" count="8" type="cond" truecount="1" falsecount="0"/>
        <line num="47" count="1" type="stmt"/>
        <line num="50" count="8" type="cond" truecount="1" falsecount="0"/>
        <line num="51" count="5" type="stmt"/>
        <line num="54" count="8" type="cond" truecount="1" falsecount="0"/>
        <line num="55" count="2" type="stmt"/>
        <line num="58" count="8" type="stmt"/>
        <line num="67" count="2" type="stmt"/>
        <line num="69" count="8" type="stmt"/>
        <line num="70" count="8" type="cond" truecount="1" falsecount="0"/>
        <line num="72" count="6" type="stmt"/>
      </file>
    </package>
    <package name="src.test.helper">
      <metrics statements="15" coveredstatements="15" conditionals="1" coveredconditionals="1" methods="8" coveredmethods="8"/>
      <file name="EventStates.ts" path="E:\Projects\Bazlama\Bazlama.Web.AsyncQueue\package\src\test\helper\EventStates.ts">
        <metrics statements="15" coveredstatements="15" conditionals="1" coveredconditionals="1" methods="8" coveredmethods="8"/>
        <line num="8" count="2" type="stmt"/>
        <line num="9" count="8" type="stmt"/>
        <line num="12" count="8" type="stmt"/>
        <line num="13" count="26" type="stmt"/>
        <line num="16" count="8" type="stmt"/>
        <line num="20" count="8" type="stmt"/>
        <line num="21" count="26" type="stmt"/>
        <line num="25" count="8" type="stmt"/>
        <line num="27" count="12" type="stmt"/>
        <line num="28" count="39" type="cond" truecount="1" falsecount="0"/>
        <line num="29" count="11" type="stmt"/>
        <line num="36" count="8" type="stmt"/>
        <line num="37" count="15" type="stmt"/>
        <line num="38" count="15" type="stmt"/>
        <line num="40" count="5" type="stmt"/>
      </file>
    </package>
  </project>
</coverage>
