TN:
SF:src\AsyncQueueTaskEventsManager.ts
FN:9,(anonymous_0)
FN:16,(anonymous_1)
FN:20,(anonymous_2)
FN:34,(anonymous_3)
FN:36,(anonymous_4)
FN:42,(anonymous_5)
FN:44,(anonymous_6)
FN:52,(anonymous_7)
FNF:8
FNH:4
FNDA:0,(anonymous_0)
FNDA:8,(anonymous_1)
FNDA:1,(anonymous_2)
FNDA:0,(anonymous_3)
FNDA:0,(anonymous_4)
FNDA:27,(anonymous_5)
FNDA:3,(anonymous_6)
FNDA:0,(anonymous_7)
DA:2,2
DA:6,2
DA:7,8
DA:8,8
DA:10,0
DA:13,8
DA:17,8
DA:21,1
DA:22,1
DA:23,1
DA:26,1
DA:31,1
DA:35,0
DA:36,0
DA:37,0
DA:38,0
DA:44,27
DA:45,3
DA:49,27
DA:52,27
DA:53,0
DA:57,27
LF:22
LH:16
BRDA:22,0,0,1
BRDA:37,1,0,0
BRF:2
BRH:1
end_of_record
TN:
SF:src\BazlamaAsyncQueue.ts
FN:35,(anonymous_0)
FN:56,(anonymous_1)
FN:59,(anonymous_2)
FN:64,(anonymous_3)
FN:67,(anonymous_4)
FN:72,(anonymous_5)
FN:77,(anonymous_6)
FN:84,(anonymous_7)
FN:87,(anonymous_8)
FN:95,(anonymous_9)
FN:98,(anonymous_10)
FN:105,(anonymous_11)
FN:111,(anonymous_12)
FN:121,(anonymous_13)
FN:131,(anonymous_14)
FN:142,(anonymous_15)
FN:153,(anonymous_16)
FN:164,(anonymous_17)
FN:169,(anonymous_18)
FN:192,(anonymous_19)
FN:205,(anonymous_20)
FN:213,(anonymous_21)
FN:229,(anonymous_22)
FN:235,(anonymous_23)
FN:240,(anonymous_24)
FN:241,(anonymous_25)
FN:245,(anonymous_26)
FN:246,(anonymous_27)
FN:251,(anonymous_28)
FN:255,(anonymous_29)
FN:259,(anonymous_30)
FN:266,(anonymous_31)
FN:273,(anonymous_32)
FN:280,(anonymous_33)
FN:287,(anonymous_34)
FN:301,(anonymous_35)
FN:305,(anonymous_36)
FN:313,(anonymous_37)
FN:314,(anonymous_38)
FN:320,(anonymous_39)
FN:321,(anonymous_40)
FN:327,(anonymous_41)
FN:331,(anonymous_42)
FN:346,(anonymous_43)
FN:350,(anonymous_44)
FN:362,(anonymous_45)
FNF:46
FNH:27
FNDA:8,(anonymous_0)
FNDA:8,(anonymous_1)
FNDA:0,(anonymous_2)
FNDA:8,(anonymous_3)
FNDA:0,(anonymous_4)
FNDA:28,(anonymous_5)
FNDA:8,(anonymous_6)
FNDA:0,(anonymous_7)
FNDA:8,(anonymous_8)
FNDA:0,(anonymous_9)
FNDA:8,(anonymous_10)
FNDA:8,(anonymous_11)
FNDA:5,(anonymous_12)
FNDA:8,(anonymous_13)
FNDA:1,(anonymous_14)
FNDA:0,(anonymous_15)
FNDA:2,(anonymous_16)
FNDA:3,(anonymous_17)
FNDA:16,(anonymous_18)
FNDA:16,(anonymous_19)
FNDA:16,(anonymous_20)
FNDA:8,(anonymous_21)
FNDA:0,(anonymous_22)
FNDA:0,(anonymous_23)
FNDA:0,(anonymous_24)
FNDA:0,(anonymous_25)
FNDA:0,(anonymous_26)
FNDA:0,(anonymous_27)
FNDA:0,(anonymous_28)
FNDA:0,(anonymous_29)
FNDA:0,(anonymous_30)
FNDA:0,(anonymous_31)
FNDA:1,(anonymous_32)
FNDA:0,(anonymous_33)
FNDA:8,(anonymous_34)
FNDA:2,(anonymous_35)
FNDA:3,(anonymous_36)
FNDA:0,(anonymous_37)
FNDA:0,(anonymous_38)
FNDA:16,(anonymous_39)
FNDA:8,(anonymous_40)
FNDA:0,(anonymous_41)
FNDA:16,(anonymous_42)
FNDA:5,(anonymous_43)
FNDA:3,(anonymous_44)
FNDA:8,(anonymous_45)
DA:1,2
DA:6,2
DA:29,2
DA:31,8
DA:32,8
DA:33,8
DA:34,8
DA:36,8
DA:38,8
DA:55,8
DA:57,8
DA:60,0
DA:63,8
DA:65,8
DA:68,0
DA:71,8
DA:73,28
DA:78,8
DA:79,8
DA:83,8
DA:85,0
DA:88,8
DA:89,8
DA:90,0
DA:94,8
DA:96,0
DA:99,8
DA:100,8
DA:101,0
DA:106,8
DA:107,8
DA:108,8
DA:112,5
DA:113,5
DA:115,5
DA:117,5
DA:118,5
DA:122,8
DA:123,8
DA:125,8
DA:127,8
DA:128,8
DA:132,1
DA:133,1
DA:134,1
DA:136,1
DA:138,1
DA:139,1
DA:144,0
DA:145,0
DA:147,0
DA:149,0
DA:150,0
DA:155,2
DA:156,2
DA:158,2
DA:160,2
DA:161,2
DA:166,3
DA:170,16
DA:174,8
DA:177,16
DA:181,8
DA:184,16
DA:185,0
DA:193,16
DA:194,16
DA:195,16
DA:197,16
DA:198,16
DA:200,16
DA:201,16
DA:202,16
DA:206,16
DA:207,8
DA:217,8
DA:219,8
DA:220,4
DA:222,8
DA:223,8
DA:224,8
DA:225,8
DA:230,0
DA:231,0
DA:236,0
DA:241,0
DA:242,0
DA:246,0
DA:247,0
DA:252,0
DA:256,0
DA:260,0
DA:261,0
DA:262,0
DA:267,0
DA:268,0
DA:269,0
DA:274,1
DA:275,0
DA:281,0
DA:288,8
DA:301,8
DA:302,2
DA:305,8
DA:306,3
DA:309,8
DA:310,8
DA:314,0
DA:315,0
DA:316,0
DA:321,16
DA:322,16
DA:323,8
DA:328,0
DA:332,16
DA:333,8
DA:334,8
DA:337,8
DA:338,8
DA:339,8
DA:342,8
DA:343,8
DA:345,8
DA:347,5
DA:348,5
DA:351,3
DA:352,2
DA:353,2
DA:354,2
DA:356,0
DA:357,0
DA:359,1
DA:363,8
DA:366,8
DA:367,8
LF:135
LH:100
BRDA:77,0,0,0
BRDA:77,1,0,0
BRDA:170,2,0,8
BRDA:171,3,0,16
BRDA:171,3,1,8
BRDA:177,4,0,8
BRDA:178,5,0,16
BRDA:178,5,1,8
BRDA:184,6,0,0
BRDA:186,7,0,0
BRDA:186,7,1,0
BRDA:187,8,0,0
BRDA:187,8,1,0
BRDA:193,9,0,0
BRDA:194,10,0,16
BRDA:197,11,0,16
BRDA:206,12,0,8
BRDA:217,13,0,0
BRDA:219,14,0,4
BRDA:222,15,0,8
BRDA:222,15,1,8
BRDA:224,16,0,8
BRDA:261,17,0,0
BRDA:268,18,0,0
BRDA:315,19,0,0
BRDA:322,20,0,8
BRDA:332,21,0,8
BRDA:338,22,0,8
BRDA:351,23,0,2
BRDA:352,24,0,2
BRF:30
BRH:18
end_of_record
TN:
SF:src\CreateId.ts
FN:1,createId
FNF:1
FNH:1
FNDA:9,createId
DA:1,2
DA:2,9
LF:2
LH:2
BRDA:1,0,0,0
BRDA:1,1,0,9
BRDA:2,2,0,9
BRDA:2,2,1,0
BRDA:2,3,0,0
BRDA:2,3,1,9
BRF:6
BRH:3
end_of_record
TN:
SF:src\mocks\data.ts
FNF:0
FNH:0
DA:1,2
LF:1
LH:1
BRF:0
BRH:0
end_of_record
TN:
SF:src\mocks\endpoints.ts
FN:13,(anonymous_0)
FN:13,(anonymous_1)
FN:14,(anonymous_2)
FN:23,(anonymous_3)
FN:43,(anonymous_4)
FN:68,(anonymous_5)
FNF:6
FNH:6
FNDA:9,(anonymous_0)
FNDA:9,(anonymous_1)
FNDA:8,(anonymous_2)
FNDA:5,(anonymous_3)
FNDA:8,(anonymous_4)
FNDA:8,(anonymous_5)
DA:1,2
DA:2,2
DA:4,2
DA:13,9
DA:14,2
DA:15,8
DA:17,8
DA:18,8
DA:19,8
DA:20,8
DA:22,8
DA:23,5
DA:26,8
DA:27,2
DA:35,6
DA:43,2
DA:44,8
DA:46,8
DA:47,1
DA:50,8
DA:51,5
DA:54,8
DA:55,2
DA:58,8
DA:67,2
DA:69,8
DA:70,8
DA:72,6
LF:28
LH:28
BRDA:17,0,0,8
BRDA:17,0,1,7
BRDA:18,1,0,8
BRDA:18,1,1,3
BRDA:22,2,0,5
BRDA:26,3,0,2
BRDA:43,4,0,3
BRDA:43,5,0,3
BRDA:43,6,0,6
BRDA:46,7,0,1
BRDA:50,8,0,5
BRDA:54,9,0,2
BRDA:70,10,0,2
BRF:13
BRH:13
end_of_record
TN:
SF:src\test\helper\EventStates.ts
FN:11,(anonymous_0)
FN:26,(anonymous_1)
FN:27,(anonymous_2)
FN:12,(anonymous_3)
FN:19,(anonymous_4)
FN:20,(anonymous_5)
FN:35,(anonymous_6)
FN:36,(anonymous_7)
FNF:8
FNH:8
FNDA:8,(anonymous_0)
FNDA:12,(anonymous_1)
FNDA:39,(anonymous_2)
FNDA:26,(anonymous_3)
FNDA:8,(anonymous_4)
FNDA:26,(anonymous_5)
FNDA:8,(anonymous_6)
FNDA:15,(anonymous_7)
DA:8,2
DA:9,8
DA:12,8
DA:13,26
DA:16,8
DA:20,8
DA:21,26
DA:25,8
DA:27,12
DA:28,39
DA:29,11
DA:36,8
DA:37,15
DA:38,15
DA:40,5
LF:15
LH:15
BRDA:28,0,0,11
BRF:1
BRH:1
end_of_record
