<?xml version="1.0" encoding="UTF-8"?>
<coverage generated="1723533237465" clover="3.2.0">
  <project timestamp="1723533237466" name="All files">
    <metrics statements="29" coveredstatements="29" conditionals="13" coveredconditionals="13" methods="6" coveredmethods="6" elements="48" coveredelements="48" complexity="0" loc="29" ncloc="29" packages="1" files="2" classes="2"/>
    <file name="data.ts" path="E:\Projects\Bazlama\Bazlama.Web.AsyncQueue\test\src\mocks\data.ts">
      <metrics statements="1" coveredstatements="1" conditionals="0" coveredconditionals="0" methods="0" coveredmethods="0"/>
      <line num="1" count="1" type="stmt"/>
    </file>
    <file name="endpoints.ts" path="E:\Projects\Bazlama\Bazlama.Web.AsyncQueue\test\src\mocks\endpoints.ts">
      <metrics statements="28" coveredstatements="28" conditionals="13" coveredconditionals="13" methods="6" coveredmethods="6"/>
      <line num="1" count="1" type="stmt"/>
      <line num="2" count="1" type="stmt"/>
      <line num="4" count="1" type="stmt"/>
      <line num="13" count="5" type="stmt"/>
      <line num="14" count="1" type="stmt"/>
      <line num="15" count="4" type="stmt"/>
      <line num="17" count="4" type="cond" truecount="2" falsecount="0"/>
      <line num="18" count="4" type="cond" truecount="2" falsecount="0"/>
      <line num="19" count="4" type="stmt"/>
      <line num="20" count="4" type="stmt"/>
      <line num="22" count="4" type="cond" truecount="1" falsecount="0"/>
      <line num="23" count="2" type="stmt"/>
      <line num="26" count="3" type="cond" truecount="1" falsecount="0"/>
      <line num="27" count="1" type="stmt"/>
      <line num="35" count="2" type="stmt"/>
      <line num="43" count="1" type="cond" truecount="3" falsecount="0"/>
      <line num="44" count="3" type="stmt"/>
      <line num="46" count="3" type="cond" truecount="1" falsecount="0"/>
      <line num="47" count="1" type="stmt"/>
      <line num="50" count="3" type="cond" truecount="1" falsecount="0"/>
      <line num="51" count="1" type="stmt"/>
      <line num="54" count="3" type="cond" truecount="1" falsecount="0"/>
      <line num="55" count="1" type="stmt"/>
      <line num="58" count="3" type="stmt"/>
      <line num="67" count="1" type="stmt"/>
      <line num="69" count="4" type="stmt"/>
      <line num="70" count="3" type="cond" truecount="1" falsecount="0"/>
      <line num="72" count="2" type="stmt"/>
    </file>
  </project>
</coverage>
