TN:
SF:src\mocks\data.ts
FNF:0
FNH:0
DA:1,1
LF:1
LH:1
BRF:0
BRH:0
end_of_record
TN:
SF:src\mocks\endpoints.ts
FN:13,(anonymous_0)
FN:13,(anonymous_1)
FN:14,(anonymous_2)
FN:23,(anonymous_3)
FN:43,(anonymous_4)
FN:68,(anonymous_5)
FNF:6
FNH:6
FNDA:5,(anonymous_0)
FNDA:5,(anonymous_1)
FNDA:4,(anonymous_2)
FNDA:2,(anonymous_3)
FNDA:3,(anonymous_4)
FNDA:4,(anonymous_5)
DA:1,1
DA:2,1
DA:4,1
DA:13,5
DA:14,1
DA:15,4
DA:17,4
DA:18,4
DA:19,4
DA:20,4
DA:22,4
DA:23,2
DA:26,3
DA:27,1
DA:35,2
DA:43,1
DA:44,3
DA:46,3
DA:47,1
DA:50,3
DA:51,1
DA:54,3
DA:55,1
DA:58,3
DA:67,1
DA:69,4
DA:70,3
DA:72,2
LF:28
LH:28
BRDA:17,0,0,4
BRDA:17,0,1,3
BRDA:18,1,0,4
BRDA:18,1,1,2
BRDA:22,2,0,2
BRDA:26,3,0,1
BRDA:43,4,0,2
BRDA:43,5,0,2
BRDA:43,6,0,2
BRDA:46,7,0,1
BRDA:50,8,0,1
BRDA:54,9,0,1
BRDA:70,10,0,1
BRF:13
BRH:13
end_of_record
